[debug] [2021-12-06T07:16:36.047Z] ----------------------------------------------------------------------
[debug] [2021-12-06T07:16:36.049Z] Command:       /Users/kevin/.nvm/versions/node/v16.13.0/bin/node /Users/kevin/.nvm/versions/node/v16.13.0/bin/firebase deploy --only hosting
[debug] [2021-12-06T07:16:36.049Z] CLI Version:   9.23.0
[debug] [2021-12-06T07:16:36.049Z] Platform:      darwin
[debug] [2021-12-06T07:16:36.049Z] Node Version:  v16.13.0
[debug] [2021-12-06T07:16:36.050Z] Time:          Mon Dec 06 2021 01:16:36 GMT-0600 (Central Standard Time)
[debug] [2021-12-06T07:16:36.050Z] ----------------------------------------------------------------------
[debug] 
[debug] [2021-12-06T07:16:36.108Z] > command requires scopes: ["email","openid","https://www.googleapis.com/auth/cloudplatformprojects.readonly","https://www.googleapis.com/auth/firebase","https://www.googleapis.com/auth/cloud-platform"]
[debug] [2021-12-06T07:16:36.109Z] > authorizing via signed-in user (_@kevinrodriguez.io)
[debug] [2021-12-06T07:16:36.109Z] [iam] checking project soltools for permissions ["firebase.projects.get","firebasehosting.sites.update"]
[debug] [2021-12-06T07:16:36.110Z] > refreshing access token with scopes: ["email","https://www.googleapis.com/auth/cloud-platform","https://www.googleapis.com/auth/cloudplatformprojects.readonly","https://www.googleapis.com/auth/firebase","openid"]
[debug] [2021-12-06T07:16:36.111Z] >>> HTTP REQUEST POST https://www.googleapis.com/oauth2/v3/token  
 <request body omitted>
[debug] [2021-12-06T07:16:36.579Z] <<< HTTP RESPONSE 200 {"date":"Mon, 06 Dec 2021 07:16:36 GMT","pragma":"no-cache","expires":"Mon, 01 Jan 1990 00:00:00 GMT","cache-control":"no-cache, no-store, max-age=0, must-revalidate","content-type":"application/json; charset=utf-8","vary":"X-Origin, Referer, Origin,Accept-Encoding","server":"scaffolding on HTTPServer2","x-xss-protection":"0","x-frame-options":"SAMEORIGIN","x-content-type-options":"nosniff","alt-svc":"h3=\":443\"; ma=2592000,h3-29=\":443\"; ma=2592000,h3-Q050=\":443\"; ma=2592000,h3-Q046=\":443\"; ma=2592000,h3-Q043=\":443\"; ma=2592000,quic=\":443\"; ma=2592000; v=\"46,43\"","accept-ranges":"none","transfer-encoding":"chunked"}
[debug] [2021-12-06T07:16:36.611Z] >>> HTTP REQUEST POST https://cloudresourcemanager.googleapis.com/v1/projects/soltools:testIamPermissions  
 {"permissions":["firebase.projects.get","firebasehosting.sites.update"]}
[debug] [2021-12-06T07:16:37.428Z] <<< HTTP RESPONSE 200 {"content-type":"application/json; charset=UTF-8","vary":"X-Origin, Referer, Origin,Accept-Encoding","date":"Mon, 06 Dec 2021 07:16:37 GMT","server":"ESF","cache-control":"private","x-xss-protection":"0","x-frame-options":"SAMEORIGIN","x-content-type-options":"nosniff","server-timing":"gfet4t7; dur=326","alt-svc":"h3=\":443\"; ma=2592000,h3-29=\":443\"; ma=2592000,h3-Q050=\":443\"; ma=2592000,h3-Q046=\":443\"; ma=2592000,h3-Q043=\":443\"; ma=2592000,quic=\":443\"; ma=2592000; v=\"46,43\"","accept-ranges":"none","transfer-encoding":"chunked"}
[debug] [2021-12-06T07:16:37.428Z] > refreshing access token with scopes: []
[debug] [2021-12-06T07:16:37.429Z] >>> HTTP REQUEST POST https://www.googleapis.com/oauth2/v3/token  
 <request body omitted>
[debug] [2021-12-06T07:16:39.687Z] <<< HTTP RESPONSE 200 {"date":"Mon, 06 Dec 2021 07:16:39 GMT","expires":"Mon, 01 Jan 1990 00:00:00 GMT","pragma":"no-cache","cache-control":"no-cache, no-store, max-age=0, must-revalidate","content-type":"application/json; charset=utf-8","vary":"X-Origin, Referer, Origin,Accept-Encoding","server":"scaffolding on HTTPServer2","x-xss-protection":"0","x-frame-options":"SAMEORIGIN","x-content-type-options":"nosniff","alt-svc":"h3=\":443\"; ma=2592000,h3-29=\":443\"; ma=2592000,h3-Q050=\":443\"; ma=2592000,h3-Q046=\":443\"; ma=2592000,h3-Q043=\":443\"; ma=2592000,quic=\":443\"; ma=2592000; v=\"46,43\"","accept-ranges":"none","transfer-encoding":"chunked"}
[debug] [2021-12-06T07:16:39.718Z] >>> [apiv2][query] GET https://firebase.googleapis.com/v1beta1/projects/soltools [none]
[debug] [2021-12-06T07:16:41.363Z] <<< [apiv2][status] GET https://firebase.googleapis.com/v1beta1/projects/soltools 200
[debug] [2021-12-06T07:16:41.363Z] <<< [apiv2][body] GET https://firebase.googleapis.com/v1beta1/projects/soltools {"projectId":"soltools","projectNumber":"1016410262298","displayName":"soltools","name":"projects/soltools","resources":{"hostingSite":"soltools"},"state":"ACTIVE"}
[info] 
[info] === Deploying to 'soltools'...
[info] 
[info] i  deploying hosting 
[debug] [2021-12-06T07:16:41.365Z] > refreshing access token with scopes: ["email","https://www.googleapis.com/auth/cloud-platform","https://www.googleapis.com/auth/cloudplatformprojects.readonly","https://www.googleapis.com/auth/firebase","openid"]
[debug] [2021-12-06T07:16:41.365Z] >>> HTTP REQUEST POST https://www.googleapis.com/oauth2/v3/token  
 <request body omitted>
[debug] [2021-12-06T07:16:42.146Z] <<< HTTP RESPONSE 200 {"pragma":"no-cache","date":"Mon, 06 Dec 2021 07:16:42 GMT","cache-control":"no-cache, no-store, max-age=0, must-revalidate","expires":"Mon, 01 Jan 1990 00:00:00 GMT","content-type":"application/json; charset=utf-8","vary":"X-Origin, Referer, Origin,Accept-Encoding","server":"scaffolding on HTTPServer2","x-xss-protection":"0","x-frame-options":"SAMEORIGIN","x-content-type-options":"nosniff","alt-svc":"h3=\":443\"; ma=2592000,h3-29=\":443\"; ma=2592000,h3-Q050=\":443\"; ma=2592000,h3-Q046=\":443\"; ma=2592000,h3-Q043=\":443\"; ma=2592000,quic=\":443\"; ma=2592000; v=\"46,43\"","accept-ranges":"none","transfer-encoding":"chunked"}
[debug] [2021-12-06T07:16:42.198Z] >>> HTTP REQUEST POST https://firebasehosting.googleapis.com/v1beta1/sites/soltools/versions  
 {"config":{},"labels":{"deployment-tool":"cli-firebase"}}
